<?xml version="1.0" encoding="UTF-8"?>
<!-- Generated by org.testng.reporters.JUnitReportReporter -->
<testsuite hostname="Sushants-MacBook-Air.local" failures="0" tests="1" name="org.mindtree.equifax.amazon.home.TestSearchAndCheckoutFlow" time="43.157" errors="0" timestamp="2021-04-06T19:32:42 EDT" skipped="0">
  <testcase classname="org.mindtree.equifax.amazon.home.TestSearchAndCheckoutFlow" name="testSearch" time="43.157"/>
  <system-out/>
</testsuite> <!-- org.mindtree.equifax.amazon.home.TestSearchAndCheckoutFlow -->
